0 info it worked if it ends with ok
1 verbose cli [ '/usr/bin/node',
1 verbose cli   '/usr/bin/npm',
1 verbose cli   'install',
1 verbose cli   '--save',
1 verbose cli   'fast-click' ]
2 info using npm@1.4.28
3 info using node@v0.10.32
4 verbose node symlink /usr/bin/node
5 verbose readDependencies using package.json deps
6 verbose cache add [ 'fast-click', null ]
7 verbose cache add name=undefined spec="fast-click" args=["fast-click",null]
8 verbose parsed url { protocol: null,
8 verbose parsed url   slashes: null,
8 verbose parsed url   auth: null,
8 verbose parsed url   host: null,
8 verbose parsed url   port: null,
8 verbose parsed url   hostname: null,
8 verbose parsed url   hash: null,
8 verbose parsed url   search: null,
8 verbose parsed url   query: null,
8 verbose parsed url   pathname: 'fast-click',
8 verbose parsed url   path: 'fast-click',
8 verbose parsed url   href: 'fast-click' }
9 silly lockFile 30db3471-fast-click fast-click
10 verbose lock fast-click /home/brando/.npm/30db3471-fast-click.lock
11 silly lockFile 30db3471-fast-click fast-click
12 silly lockFile 30db3471-fast-click fast-click
13 verbose addNamed [ 'fast-click', '' ]
14 verbose addNamed [ null, '*' ]
15 silly lockFile be0c58c7-fast-click fast-click@
16 verbose lock fast-click@ /home/brando/.npm/be0c58c7-fast-click.lock
17 silly addNameRange { name: 'fast-click', range: '*', hasData: false }
18 verbose request where is /fast-click
19 verbose request registry https://registry.npmjs.org/
20 verbose request id f23658ba2d2b586f
21 verbose url raw /fast-click
22 verbose url resolving [ 'https://registry.npmjs.org/', './fast-click' ]
23 verbose url resolved https://registry.npmjs.org/fast-click
24 verbose request where is https://registry.npmjs.org/fast-click
25 info trying registry request attempt 1 at 07:29:44
26 http GET https://registry.npmjs.org/fast-click
27 http 404 https://registry.npmjs.org/fast-click
28 silly registry.get cb [ 404,
28 silly registry.get   { 'content-type': 'application/json',
28 silly registry.get     'cache-control': 'max-age=0',
28 silly registry.get     'content-length': '2',
28 silly registry.get     'accept-ranges': 'bytes',
28 silly registry.get     date: 'Sat, 12 Sep 2015 14:29:44 GMT',
28 silly registry.get     via: '1.1 varnish',
28 silly registry.get     age: '0',
28 silly registry.get     connection: 'keep-alive',
28 silly registry.get     'x-served-by': 'cache-ord1731-ORD',
28 silly registry.get     'x-cache': 'MISS',
28 silly registry.get     'x-cache-hits': '0',
28 silly registry.get     'x-timer': 'S1442068184.815672,VS0,VE75' } ]
29 silly lockFile be0c58c7-fast-click fast-click@
30 silly lockFile be0c58c7-fast-click fast-click@
31 error 404 Not Found
31 error 404
31 error 404 'fast-click' is not in the npm registry.
31 error 404 You should bug the author to publish it
31 error 404 It was specified as a dependency of 'civichack'
31 error 404
31 error 404 Note that you can also install from a
31 error 404 tarball, folder, or http url, or git url.
32 error System Linux 3.11.0-15-generic
33 error command "/usr/bin/node" "/usr/bin/npm" "install" "--save" "fast-click"
34 error cwd /home/brando/Documents/civic_hack
35 error node -v v0.10.32
36 error npm -v 1.4.28
37 error code E404
38 verbose exit [ 1, true ]
